18-Jul-2017 18:00:46.546 INFO [main] org.apache.catalina.startup.VersionLoggerListener.log Server version:        Apache Tomcat/9.0.0.M22
18-Jul-2017 18:00:46.549 INFO [main] org.apache.catalina.startup.VersionLoggerListener.log Server built:          Jun 21 2017 09:44:18 UTC
18-Jul-2017 18:00:46.549 INFO [main] org.apache.catalina.startup.VersionLoggerListener.log Server number:         9.0.0.0
18-Jul-2017 18:00:46.549 INFO [main] org.apache.catalina.startup.VersionLoggerListener.log OS Name:               Linux
18-Jul-2017 18:00:46.549 INFO [main] org.apache.catalina.startup.VersionLoggerListener.log OS Version:            4.8.0-58-generic
18-Jul-2017 18:00:46.549 INFO [main] org.apache.catalina.startup.VersionLoggerListener.log Architecture:          amd64
18-Jul-2017 18:00:46.550 INFO [main] org.apache.catalina.startup.VersionLoggerListener.log Java Home:             /usr/lib/jvm/java-8-oracle/jre
18-Jul-2017 18:00:46.550 INFO [main] org.apache.catalina.startup.VersionLoggerListener.log JVM Version:           1.8.0_131-b11
18-Jul-2017 18:00:46.550 INFO [main] org.apache.catalina.startup.VersionLoggerListener.log JVM Vendor:            Oracle Corporation
18-Jul-2017 18:00:46.550 INFO [main] org.apache.catalina.startup.VersionLoggerListener.log CATALINA_BASE:         /home/alex60070/Documents/Intellij Projects/MvnBasic/server/apache-tomcat-9.0.0.M22
18-Jul-2017 18:00:46.550 INFO [main] org.apache.catalina.startup.VersionLoggerListener.log CATALINA_HOME:         /home/alex60070/Documents/Intellij Projects/MvnBasic/server/apache-tomcat-9.0.0.M22
18-Jul-2017 18:00:46.550 INFO [main] org.apache.catalina.startup.VersionLoggerListener.log Command line argument: -Djava.util.logging.config.file=/home/alex60070/Documents/Intellij Projects/MvnBasic/server/apache-tomcat-9.0.0.M22/conf/logging.properties
18-Jul-2017 18:00:46.550 INFO [main] org.apache.catalina.startup.VersionLoggerListener.log Command line argument: -Djava.util.logging.manager=org.apache.juli.ClassLoaderLogManager
18-Jul-2017 18:00:46.550 INFO [main] org.apache.catalina.startup.VersionLoggerListener.log Command line argument: -Djdk.tls.ephemeralDHKeySize=2048
18-Jul-2017 18:00:46.551 INFO [main] org.apache.catalina.startup.VersionLoggerListener.log Command line argument: -Djava.protocol.handler.pkgs=org.apache.catalina.webresources
18-Jul-2017 18:00:46.551 INFO [main] org.apache.catalina.startup.VersionLoggerListener.log Command line argument: -Dcatalina.base=/home/alex60070/Documents/Intellij Projects/MvnBasic/server/apache-tomcat-9.0.0.M22
18-Jul-2017 18:00:46.551 INFO [main] org.apache.catalina.startup.VersionLoggerListener.log Command line argument: -Dcatalina.home=/home/alex60070/Documents/Intellij Projects/MvnBasic/server/apache-tomcat-9.0.0.M22
18-Jul-2017 18:00:46.551 INFO [main] org.apache.catalina.startup.VersionLoggerListener.log Command line argument: -Djava.io.tmpdir=/home/alex60070/Documents/Intellij Projects/MvnBasic/server/apache-tomcat-9.0.0.M22/temp
18-Jul-2017 18:00:46.551 INFO [main] org.apache.catalina.core.AprLifecycleListener.lifecycleEvent The APR based Apache Tomcat Native library which allows optimal performance in production environments was not found on the java.library.path: [/usr/java/packages/lib/amd64:/usr/lib64:/lib64:/lib:/usr/lib]
18-Jul-2017 18:00:46.719 INFO [main] org.apache.coyote.AbstractProtocol.init Initializing ProtocolHandler ["http-nio-8080"]
18-Jul-2017 18:00:46.740 INFO [main] org.apache.tomcat.util.net.NioSelectorPool.getSharedSelector Using a shared selector for servlet write/read
18-Jul-2017 18:00:46.742 INFO [main] org.apache.coyote.AbstractProtocol.init Initializing ProtocolHandler ["ajp-nio-8009"]
18-Jul-2017 18:00:46.744 INFO [main] org.apache.tomcat.util.net.NioSelectorPool.getSharedSelector Using a shared selector for servlet write/read
18-Jul-2017 18:00:46.744 INFO [main] org.apache.catalina.startup.Catalina.load Initialization processed in 627 ms
18-Jul-2017 18:00:46.767 INFO [main] org.apache.catalina.core.StandardService.startInternal Starting service [Catalina]
18-Jul-2017 18:00:46.768 INFO [main] org.apache.catalina.core.StandardEngine.startInternal Starting Servlet Engine: Apache Tomcat/9.0.0.M22
18-Jul-2017 18:00:46.775 INFO [main] org.apache.catalina.startup.HostConfig.deployDirectory Deploying web application directory [/home/alex60070/Documents/Intellij Projects/MvnBasic/server/apache-tomcat-9.0.0.M22/webapps/manager]
18-Jul-2017 18:00:47.161 INFO [main] org.apache.catalina.startup.HostConfig.deployDirectory Deployment of web application directory [/home/alex60070/Documents/Intellij Projects/MvnBasic/server/apache-tomcat-9.0.0.M22/webapps/manager] has finished in [385] ms
18-Jul-2017 18:00:47.162 INFO [main] org.apache.catalina.startup.HostConfig.deployDirectory Deploying web application directory [/home/alex60070/Documents/Intellij Projects/MvnBasic/server/apache-tomcat-9.0.0.M22/webapps/ROOT]
18-Jul-2017 18:00:47.176 INFO [main] org.apache.catalina.startup.HostConfig.deployDirectory Deployment of web application directory [/home/alex60070/Documents/Intellij Projects/MvnBasic/server/apache-tomcat-9.0.0.M22/webapps/ROOT] has finished in [14] ms
18-Jul-2017 18:00:47.177 INFO [main] org.apache.catalina.startup.HostConfig.deployDirectory Deploying web application directory [/home/alex60070/Documents/Intellij Projects/MvnBasic/server/apache-tomcat-9.0.0.M22/webapps/examples]
18-Jul-2017 18:00:47.471 INFO [main] org.apache.catalina.startup.HostConfig.deployDirectory Deployment of web application directory [/home/alex60070/Documents/Intellij Projects/MvnBasic/server/apache-tomcat-9.0.0.M22/webapps/examples] has finished in [294] ms
18-Jul-2017 18:00:47.471 INFO [main] org.apache.catalina.startup.HostConfig.deployDirectory Deploying web application directory [/home/alex60070/Documents/Intellij Projects/MvnBasic/server/apache-tomcat-9.0.0.M22/webapps/docs]
18-Jul-2017 18:00:47.488 INFO [main] org.apache.catalina.startup.HostConfig.deployDirectory Deployment of web application directory [/home/alex60070/Documents/Intellij Projects/MvnBasic/server/apache-tomcat-9.0.0.M22/webapps/docs] has finished in [17] ms
18-Jul-2017 18:00:47.488 INFO [main] org.apache.catalina.startup.HostConfig.deployDirectory Deploying web application directory [/home/alex60070/Documents/Intellij Projects/MvnBasic/server/apache-tomcat-9.0.0.M22/webapps/host-manager]
18-Jul-2017 18:00:47.510 INFO [main] org.apache.catalina.startup.HostConfig.deployDirectory Deployment of web application directory [/home/alex60070/Documents/Intellij Projects/MvnBasic/server/apache-tomcat-9.0.0.M22/webapps/host-manager] has finished in [21] ms
18-Jul-2017 18:00:47.512 INFO [main] org.apache.coyote.AbstractProtocol.start Starting ProtocolHandler ["http-nio-8080"]
18-Jul-2017 18:00:47.520 INFO [main] org.apache.coyote.AbstractProtocol.start Starting ProtocolHandler ["ajp-nio-8009"]
18-Jul-2017 18:00:47.521 INFO [main] org.apache.catalina.startup.Catalina.start Server startup in 777 ms
18-Jul-2017 18:39:12.218 INFO [main] org.apache.catalina.startup.VersionLoggerListener.log Server version:        Apache Tomcat/9.0.0.M22
18-Jul-2017 18:39:12.221 INFO [main] org.apache.catalina.startup.VersionLoggerListener.log Server built:          Jun 21 2017 09:44:18 UTC
18-Jul-2017 18:39:12.221 INFO [main] org.apache.catalina.startup.VersionLoggerListener.log Server number:         9.0.0.0
18-Jul-2017 18:39:12.221 INFO [main] org.apache.catalina.startup.VersionLoggerListener.log OS Name:               Linux
18-Jul-2017 18:39:12.222 INFO [main] org.apache.catalina.startup.VersionLoggerListener.log OS Version:            4.8.0-58-generic
18-Jul-2017 18:39:12.222 INFO [main] org.apache.catalina.startup.VersionLoggerListener.log Architecture:          amd64
18-Jul-2017 18:39:12.222 INFO [main] org.apache.catalina.startup.VersionLoggerListener.log Java Home:             /usr/lib/jvm/java-8-oracle/jre
18-Jul-2017 18:39:12.222 INFO [main] org.apache.catalina.startup.VersionLoggerListener.log JVM Version:           1.8.0_131-b11
18-Jul-2017 18:39:12.222 INFO [main] org.apache.catalina.startup.VersionLoggerListener.log JVM Vendor:            Oracle Corporation
18-Jul-2017 18:39:12.222 INFO [main] org.apache.catalina.startup.VersionLoggerListener.log CATALINA_BASE:         /home/alex60070/Documents/Intellij Projects/TomcatApp/server/apache-tomcat-9.0.0.M22
18-Jul-2017 18:39:12.222 INFO [main] org.apache.catalina.startup.VersionLoggerListener.log CATALINA_HOME:         /home/alex60070/Documents/Intellij Projects/TomcatApp/server/apache-tomcat-9.0.0.M22
18-Jul-2017 18:39:12.223 INFO [main] org.apache.catalina.startup.VersionLoggerListener.log Command line argument: -Djava.util.logging.config.file=/home/alex60070/Documents/Intellij Projects/TomcatApp/server/apache-tomcat-9.0.0.M22/conf/logging.properties
18-Jul-2017 18:39:12.223 INFO [main] org.apache.catalina.startup.VersionLoggerListener.log Command line argument: -Djava.util.logging.manager=org.apache.juli.ClassLoaderLogManager
18-Jul-2017 18:39:12.223 INFO [main] org.apache.catalina.startup.VersionLoggerListener.log Command line argument: -Djdk.tls.ephemeralDHKeySize=2048
18-Jul-2017 18:39:12.223 INFO [main] org.apache.catalina.startup.VersionLoggerListener.log Command line argument: -Djava.protocol.handler.pkgs=org.apache.catalina.webresources
18-Jul-2017 18:39:12.223 INFO [main] org.apache.catalina.startup.VersionLoggerListener.log Command line argument: -Dcatalina.base=/home/alex60070/Documents/Intellij Projects/TomcatApp/server/apache-tomcat-9.0.0.M22
18-Jul-2017 18:39:12.223 INFO [main] org.apache.catalina.startup.VersionLoggerListener.log Command line argument: -Dcatalina.home=/home/alex60070/Documents/Intellij Projects/TomcatApp/server/apache-tomcat-9.0.0.M22
18-Jul-2017 18:39:12.223 INFO [main] org.apache.catalina.startup.VersionLoggerListener.log Command line argument: -Djava.io.tmpdir=/home/alex60070/Documents/Intellij Projects/TomcatApp/server/apache-tomcat-9.0.0.M22/temp
18-Jul-2017 18:39:12.224 INFO [main] org.apache.catalina.core.AprLifecycleListener.lifecycleEvent The APR based Apache Tomcat Native library which allows optimal performance in production environments was not found on the java.library.path: [/usr/java/packages/lib/amd64:/usr/lib64:/lib64:/lib:/usr/lib]
18-Jul-2017 18:39:12.448 INFO [main] org.apache.coyote.AbstractProtocol.init Initializing ProtocolHandler ["http-nio-8080"]
18-Jul-2017 18:39:12.473 SEVERE [main] org.apache.catalina.util.LifecycleBase.handleSubClassException Failed to initialize component [Connector[HTTP/1.1-8080]]
 org.apache.catalina.LifecycleException: Protocol handler initialization failed
	at org.apache.catalina.connector.Connector.initInternal(Connector.java:935)
	at org.apache.catalina.util.LifecycleBase.init(LifecycleBase.java:136)
	at org.apache.catalina.core.StandardService.initInternal(StandardService.java:530)
	at org.apache.catalina.util.LifecycleBase.init(LifecycleBase.java:136)
	at org.apache.catalina.core.StandardServer.initInternal(StandardServer.java:852)
	at org.apache.catalina.util.LifecycleBase.init(LifecycleBase.java:136)
	at org.apache.catalina.startup.Catalina.load(Catalina.java:608)
	at org.apache.catalina.startup.Catalina.load(Catalina.java:631)
	at sun.reflect.NativeMethodAccessorImpl.invoke0(Native Method)
	at sun.reflect.NativeMethodAccessorImpl.invoke(NativeMethodAccessorImpl.java:62)
	at sun.reflect.DelegatingMethodAccessorImpl.invoke(DelegatingMethodAccessorImpl.java:43)
	at java.lang.reflect.Method.invoke(Method.java:498)
	at org.apache.catalina.startup.Bootstrap.load(Bootstrap.java:311)
	at org.apache.catalina.startup.Bootstrap.main(Bootstrap.java:494)
Caused by: java.net.BindException: Address already in use
	at sun.nio.ch.Net.bind0(Native Method)
	at sun.nio.ch.Net.bind(Net.java:433)
	at sun.nio.ch.Net.bind(Net.java:425)
	at sun.nio.ch.ServerSocketChannelImpl.bind(ServerSocketChannelImpl.java:223)
	at sun.nio.ch.ServerSocketAdaptor.bind(ServerSocketAdaptor.java:74)
	at org.apache.tomcat.util.net.NioEndpoint.initServerSocket(NioEndpoint.java:227)
	at org.apache.tomcat.util.net.NioEndpoint.bind(NioEndpoint.java:202)
	at org.apache.tomcat.util.net.AbstractEndpoint.init(AbstractEndpoint.java:950)
	at org.apache.coyote.AbstractProtocol.init(AbstractProtocol.java:573)
	at org.apache.coyote.http11.AbstractHttp11Protocol.init(AbstractHttp11Protocol.java:70)
	at org.apache.catalina.connector.Connector.initInternal(Connector.java:932)
	... 13 more

18-Jul-2017 18:39:12.475 INFO [main] org.apache.coyote.AbstractProtocol.init Initializing ProtocolHandler ["ajp-nio-8009"]
18-Jul-2017 18:39:12.477 SEVERE [main] org.apache.catalina.util.LifecycleBase.handleSubClassException Failed to initialize component [Connector[AJP/1.3-8009]]
 org.apache.catalina.LifecycleException: Protocol handler initialization failed
	at org.apache.catalina.connector.Connector.initInternal(Connector.java:935)
	at org.apache.catalina.util.LifecycleBase.init(LifecycleBase.java:136)
	at org.apache.catalina.core.StandardService.initInternal(StandardService.java:530)
	at org.apache.catalina.util.LifecycleBase.init(LifecycleBase.java:136)
	at org.apache.catalina.core.StandardServer.initInternal(StandardServer.java:852)
	at org.apache.catalina.util.LifecycleBase.init(LifecycleBase.java:136)
	at org.apache.catalina.startup.Catalina.load(Catalina.java:608)
	at org.apache.catalina.startup.Catalina.load(Catalina.java:631)
	at sun.reflect.NativeMethodAccessorImpl.invoke0(Native Method)
	at sun.reflect.NativeMethodAccessorImpl.invoke(NativeMethodAccessorImpl.java:62)
	at sun.reflect.DelegatingMethodAccessorImpl.invoke(DelegatingMethodAccessorImpl.java:43)
	at java.lang.reflect.Method.invoke(Method.java:498)
	at org.apache.catalina.startup.Bootstrap.load(Bootstrap.java:311)
	at org.apache.catalina.startup.Bootstrap.main(Bootstrap.java:494)
Caused by: java.net.BindException: Address already in use
	at sun.nio.ch.Net.bind0(Native Method)
	at sun.nio.ch.Net.bind(Net.java:433)
	at sun.nio.ch.Net.bind(Net.java:425)
	at sun.nio.ch.ServerSocketChannelImpl.bind(ServerSocketChannelImpl.java:223)
	at sun.nio.ch.ServerSocketAdaptor.bind(ServerSocketAdaptor.java:74)
	at org.apache.tomcat.util.net.NioEndpoint.initServerSocket(NioEndpoint.java:227)
	at org.apache.tomcat.util.net.NioEndpoint.bind(NioEndpoint.java:202)
	at org.apache.tomcat.util.net.AbstractEndpoint.init(AbstractEndpoint.java:950)
	at org.apache.coyote.AbstractProtocol.init(AbstractProtocol.java:573)
	at org.apache.catalina.connector.Connector.initInternal(Connector.java:932)
	... 13 more

18-Jul-2017 18:39:12.478 INFO [main] org.apache.catalina.startup.Catalina.load Initialization processed in 690 ms
18-Jul-2017 18:39:12.507 INFO [main] org.apache.catalina.core.StandardService.startInternal Starting service [Catalina]
18-Jul-2017 18:39:12.508 INFO [main] org.apache.catalina.core.StandardEngine.startInternal Starting Servlet Engine: Apache Tomcat/9.0.0.M22
18-Jul-2017 18:39:12.536 INFO [main] org.apache.catalina.startup.HostConfig.deployWAR Deploying web application archive [/home/alex60070/Documents/Intellij Projects/TomcatApp/server/apache-tomcat-9.0.0.M22/webapps/tomcat-app.war]
18-Jul-2017 18:39:12.950 INFO [main] org.apache.catalina.startup.HostConfig.deployWAR Deployment of web application archive [/home/alex60070/Documents/Intellij Projects/TomcatApp/server/apache-tomcat-9.0.0.M22/webapps/tomcat-app.war] has finished in [414] ms
18-Jul-2017 18:39:12.951 INFO [main] org.apache.catalina.startup.HostConfig.deployDirectory Deploying web application directory [/home/alex60070/Documents/Intellij Projects/TomcatApp/server/apache-tomcat-9.0.0.M22/webapps/manager]
18-Jul-2017 18:39:12.984 INFO [main] org.apache.catalina.startup.HostConfig.deployDirectory Deployment of web application directory [/home/alex60070/Documents/Intellij Projects/TomcatApp/server/apache-tomcat-9.0.0.M22/webapps/manager] has finished in [32] ms
18-Jul-2017 18:39:12.984 INFO [main] org.apache.catalina.startup.HostConfig.deployDirectory Deploying web application directory [/home/alex60070/Documents/Intellij Projects/TomcatApp/server/apache-tomcat-9.0.0.M22/webapps/ROOT]
18-Jul-2017 18:39:13.001 INFO [main] org.apache.catalina.startup.HostConfig.deployDirectory Deployment of web application directory [/home/alex60070/Documents/Intellij Projects/TomcatApp/server/apache-tomcat-9.0.0.M22/webapps/ROOT] has finished in [17] ms
18-Jul-2017 18:39:13.002 INFO [main] org.apache.catalina.startup.HostConfig.deployDirectory Deploying web application directory [/home/alex60070/Documents/Intellij Projects/TomcatApp/server/apache-tomcat-9.0.0.M22/webapps/examples]
18-Jul-2017 18:39:13.264 INFO [main] org.apache.catalina.startup.HostConfig.deployDirectory Deployment of web application directory [/home/alex60070/Documents/Intellij Projects/TomcatApp/server/apache-tomcat-9.0.0.M22/webapps/examples] has finished in [262] ms
18-Jul-2017 18:39:13.264 INFO [main] org.apache.catalina.startup.HostConfig.deployDirectory Deploying web application directory [/home/alex60070/Documents/Intellij Projects/TomcatApp/server/apache-tomcat-9.0.0.M22/webapps/docs]
18-Jul-2017 18:39:13.281 INFO [main] org.apache.catalina.startup.HostConfig.deployDirectory Deployment of web application directory [/home/alex60070/Documents/Intellij Projects/TomcatApp/server/apache-tomcat-9.0.0.M22/webapps/docs] has finished in [16] ms
18-Jul-2017 18:39:13.281 INFO [main] org.apache.catalina.startup.HostConfig.deployDirectory Deploying web application directory [/home/alex60070/Documents/Intellij Projects/TomcatApp/server/apache-tomcat-9.0.0.M22/webapps/host-manager]
18-Jul-2017 18:39:13.303 INFO [main] org.apache.catalina.startup.HostConfig.deployDirectory Deployment of web application directory [/home/alex60070/Documents/Intellij Projects/TomcatApp/server/apache-tomcat-9.0.0.M22/webapps/host-manager] has finished in [22] ms
18-Jul-2017 18:39:13.307 INFO [main] org.apache.catalina.startup.Catalina.start Server startup in 828 ms
18-Jul-2017 18:39:13.310 SEVERE [main] org.apache.catalina.core.StandardServer.await StandardServer.await: create[localhost:8005]: 
 java.net.BindException: Address already in use (Bind failed)
	at java.net.PlainSocketImpl.socketBind(Native Method)
	at java.net.AbstractPlainSocketImpl.bind(AbstractPlainSocketImpl.java:387)
	at java.net.ServerSocket.bind(ServerSocket.java:375)
	at java.net.ServerSocket.<init>(ServerSocket.java:237)
	at org.apache.catalina.core.StandardServer.await(StandardServer.java:422)
	at org.apache.catalina.startup.Catalina.await(Catalina.java:745)
	at org.apache.catalina.startup.Catalina.start(Catalina.java:691)
	at sun.reflect.NativeMethodAccessorImpl.invoke0(Native Method)
	at sun.reflect.NativeMethodAccessorImpl.invoke(NativeMethodAccessorImpl.java:62)
	at sun.reflect.DelegatingMethodAccessorImpl.invoke(DelegatingMethodAccessorImpl.java:43)
	at java.lang.reflect.Method.invoke(Method.java:498)
	at org.apache.catalina.startup.Bootstrap.start(Bootstrap.java:355)
	at org.apache.catalina.startup.Bootstrap.main(Bootstrap.java:495)

18-Jul-2017 18:39:13.310 INFO [main] org.apache.coyote.AbstractProtocol.pause Pausing ProtocolHandler ["http-nio-8080"]
18-Jul-2017 18:39:13.311 INFO [main] org.apache.coyote.AbstractProtocol.pause Pausing ProtocolHandler ["ajp-nio-8009"]
18-Jul-2017 18:39:13.311 INFO [main] org.apache.catalina.core.StandardService.stopInternal Stopping service [Catalina]
18-Jul-2017 18:39:13.340 INFO [main] org.apache.coyote.AbstractProtocol.stop Stopping ProtocolHandler ["http-nio-8080"]
18-Jul-2017 18:39:13.340 INFO [main] org.apache.coyote.AbstractProtocol.destroy Destroying ProtocolHandler ["http-nio-8080"]
18-Jul-2017 18:39:13.341 INFO [main] org.apache.coyote.AbstractProtocol.stop Stopping ProtocolHandler ["ajp-nio-8009"]
18-Jul-2017 18:39:13.341 INFO [main] org.apache.coyote.AbstractProtocol.destroy Destroying ProtocolHandler ["ajp-nio-8009"]
18-Jul-2017 18:42:13.428 INFO [main] org.apache.catalina.startup.VersionLoggerListener.log Server version:        Apache Tomcat/9.0.0.M22
18-Jul-2017 18:42:13.432 INFO [main] org.apache.catalina.startup.VersionLoggerListener.log Server built:          Jun 21 2017 09:44:18 UTC
18-Jul-2017 18:42:13.432 INFO [main] org.apache.catalina.startup.VersionLoggerListener.log Server number:         9.0.0.0
18-Jul-2017 18:42:13.432 INFO [main] org.apache.catalina.startup.VersionLoggerListener.log OS Name:               Linux
18-Jul-2017 18:42:13.432 INFO [main] org.apache.catalina.startup.VersionLoggerListener.log OS Version:            4.8.0-58-generic
18-Jul-2017 18:42:13.432 INFO [main] org.apache.catalina.startup.VersionLoggerListener.log Architecture:          amd64
18-Jul-2017 18:42:13.433 INFO [main] org.apache.catalina.startup.VersionLoggerListener.log Java Home:             /usr/lib/jvm/java-8-oracle/jre
18-Jul-2017 18:42:13.433 INFO [main] org.apache.catalina.startup.VersionLoggerListener.log JVM Version:           1.8.0_131-b11
18-Jul-2017 18:42:13.433 INFO [main] org.apache.catalina.startup.VersionLoggerListener.log JVM Vendor:            Oracle Corporation
18-Jul-2017 18:42:13.433 INFO [main] org.apache.catalina.startup.VersionLoggerListener.log CATALINA_BASE:         /home/alex60070/Documents/Intellij Projects/TomcatApp/server/apache-tomcat-9.0.0.M22
18-Jul-2017 18:42:13.433 INFO [main] org.apache.catalina.startup.VersionLoggerListener.log CATALINA_HOME:         /home/alex60070/Documents/Intellij Projects/TomcatApp/server/apache-tomcat-9.0.0.M22
18-Jul-2017 18:42:13.433 INFO [main] org.apache.catalina.startup.VersionLoggerListener.log Command line argument: -Djava.util.logging.config.file=/home/alex60070/Documents/Intellij Projects/TomcatApp/server/apache-tomcat-9.0.0.M22/conf/logging.properties
18-Jul-2017 18:42:13.433 INFO [main] org.apache.catalina.startup.VersionLoggerListener.log Command line argument: -Djava.util.logging.manager=org.apache.juli.ClassLoaderLogManager
18-Jul-2017 18:42:13.434 INFO [main] org.apache.catalina.startup.VersionLoggerListener.log Command line argument: -Djdk.tls.ephemeralDHKeySize=2048
18-Jul-2017 18:42:13.434 INFO [main] org.apache.catalina.startup.VersionLoggerListener.log Command line argument: -Djava.protocol.handler.pkgs=org.apache.catalina.webresources
18-Jul-2017 18:42:13.434 INFO [main] org.apache.catalina.startup.VersionLoggerListener.log Command line argument: -Dcatalina.base=/home/alex60070/Documents/Intellij Projects/TomcatApp/server/apache-tomcat-9.0.0.M22
18-Jul-2017 18:42:13.434 INFO [main] org.apache.catalina.startup.VersionLoggerListener.log Command line argument: -Dcatalina.home=/home/alex60070/Documents/Intellij Projects/TomcatApp/server/apache-tomcat-9.0.0.M22
18-Jul-2017 18:42:13.434 INFO [main] org.apache.catalina.startup.VersionLoggerListener.log Command line argument: -Djava.io.tmpdir=/home/alex60070/Documents/Intellij Projects/TomcatApp/server/apache-tomcat-9.0.0.M22/temp
18-Jul-2017 18:42:13.434 INFO [main] org.apache.catalina.core.AprLifecycleListener.lifecycleEvent The APR based Apache Tomcat Native library which allows optimal performance in production environments was not found on the java.library.path: [/usr/java/packages/lib/amd64:/usr/lib64:/lib64:/lib:/usr/lib]
18-Jul-2017 18:42:13.588 INFO [main] org.apache.coyote.AbstractProtocol.init Initializing ProtocolHandler ["http-nio-8080"]
18-Jul-2017 18:42:13.601 SEVERE [main] org.apache.catalina.util.LifecycleBase.handleSubClassException Failed to initialize component [Connector[HTTP/1.1-8080]]
 org.apache.catalina.LifecycleException: Protocol handler initialization failed
	at org.apache.catalina.connector.Connector.initInternal(Connector.java:935)
	at org.apache.catalina.util.LifecycleBase.init(LifecycleBase.java:136)
	at org.apache.catalina.core.StandardService.initInternal(StandardService.java:530)
	at org.apache.catalina.util.LifecycleBase.init(LifecycleBase.java:136)
	at org.apache.catalina.core.StandardServer.initInternal(StandardServer.java:852)
	at org.apache.catalina.util.LifecycleBase.init(LifecycleBase.java:136)
	at org.apache.catalina.startup.Catalina.load(Catalina.java:608)
	at org.apache.catalina.startup.Catalina.load(Catalina.java:631)
	at sun.reflect.NativeMethodAccessorImpl.invoke0(Native Method)
	at sun.reflect.NativeMethodAccessorImpl.invoke(NativeMethodAccessorImpl.java:62)
	at sun.reflect.DelegatingMethodAccessorImpl.invoke(DelegatingMethodAccessorImpl.java:43)
	at java.lang.reflect.Method.invoke(Method.java:498)
	at org.apache.catalina.startup.Bootstrap.load(Bootstrap.java:311)
	at org.apache.catalina.startup.Bootstrap.main(Bootstrap.java:494)
Caused by: java.net.BindException: Address already in use
	at sun.nio.ch.Net.bind0(Native Method)
	at sun.nio.ch.Net.bind(Net.java:433)
	at sun.nio.ch.Net.bind(Net.java:425)
	at sun.nio.ch.ServerSocketChannelImpl.bind(ServerSocketChannelImpl.java:223)
	at sun.nio.ch.ServerSocketAdaptor.bind(ServerSocketAdaptor.java:74)
	at org.apache.tomcat.util.net.NioEndpoint.initServerSocket(NioEndpoint.java:227)
	at org.apache.tomcat.util.net.NioEndpoint.bind(NioEndpoint.java:202)
	at org.apache.tomcat.util.net.AbstractEndpoint.init(AbstractEndpoint.java:950)
	at org.apache.coyote.AbstractProtocol.init(AbstractProtocol.java:573)
	at org.apache.coyote.http11.AbstractHttp11Protocol.init(AbstractHttp11Protocol.java:70)
	at org.apache.catalina.connector.Connector.initInternal(Connector.java:932)
	... 13 more

18-Jul-2017 18:42:13.602 INFO [main] org.apache.coyote.AbstractProtocol.init Initializing ProtocolHandler ["ajp-nio-8009"]
18-Jul-2017 18:42:13.604 SEVERE [main] org.apache.catalina.util.LifecycleBase.handleSubClassException Failed to initialize component [Connector[AJP/1.3-8009]]
 org.apache.catalina.LifecycleException: Protocol handler initialization failed
	at org.apache.catalina.connector.Connector.initInternal(Connector.java:935)
	at org.apache.catalina.util.LifecycleBase.init(LifecycleBase.java:136)
	at org.apache.catalina.core.StandardService.initInternal(StandardService.java:530)
	at org.apache.catalina.util.LifecycleBase.init(LifecycleBase.java:136)
	at org.apache.catalina.core.StandardServer.initInternal(StandardServer.java:852)
	at org.apache.catalina.util.LifecycleBase.init(LifecycleBase.java:136)
	at org.apache.catalina.startup.Catalina.load(Catalina.java:608)
	at org.apache.catalina.startup.Catalina.load(Catalina.java:631)
	at sun.reflect.NativeMethodAccessorImpl.invoke0(Native Method)
	at sun.reflect.NativeMethodAccessorImpl.invoke(NativeMethodAccessorImpl.java:62)
	at sun.reflect.DelegatingMethodAccessorImpl.invoke(DelegatingMethodAccessorImpl.java:43)
	at java.lang.reflect.Method.invoke(Method.java:498)
	at org.apache.catalina.startup.Bootstrap.load(Bootstrap.java:311)
	at org.apache.catalina.startup.Bootstrap.main(Bootstrap.java:494)
Caused by: java.net.BindException: Address already in use
	at sun.nio.ch.Net.bind0(Native Method)
	at sun.nio.ch.Net.bind(Net.java:433)
	at sun.nio.ch.Net.bind(Net.java:425)
	at sun.nio.ch.ServerSocketChannelImpl.bind(ServerSocketChannelImpl.java:223)
	at sun.nio.ch.ServerSocketAdaptor.bind(ServerSocketAdaptor.java:74)
	at org.apache.tomcat.util.net.NioEndpoint.initServerSocket(NioEndpoint.java:227)
	at org.apache.tomcat.util.net.NioEndpoint.bind(NioEndpoint.java:202)
	at org.apache.tomcat.util.net.AbstractEndpoint.init(AbstractEndpoint.java:950)
	at org.apache.coyote.AbstractProtocol.init(AbstractProtocol.java:573)
	at org.apache.catalina.connector.Connector.initInternal(Connector.java:932)
	... 13 more

18-Jul-2017 18:42:13.604 INFO [main] org.apache.catalina.startup.Catalina.load Initialization processed in 631 ms
18-Jul-2017 18:42:13.631 INFO [main] org.apache.catalina.core.StandardService.startInternal Starting service [Catalina]
18-Jul-2017 18:42:13.631 INFO [main] org.apache.catalina.core.StandardEngine.startInternal Starting Servlet Engine: Apache Tomcat/9.0.0.M22
18-Jul-2017 18:42:13.651 INFO [main] org.apache.catalina.startup.HostConfig.deployWAR Deploying web application archive [/home/alex60070/Documents/Intellij Projects/TomcatApp/server/apache-tomcat-9.0.0.M22/webapps/tomcat-app.war]
18-Jul-2017 18:42:13.995 INFO [main] org.apache.catalina.startup.HostConfig.deployWAR Deployment of web application archive [/home/alex60070/Documents/Intellij Projects/TomcatApp/server/apache-tomcat-9.0.0.M22/webapps/tomcat-app.war] has finished in [343] ms
18-Jul-2017 18:42:13.996 INFO [main] org.apache.catalina.startup.HostConfig.deployDirectory Deploying web application directory [/home/alex60070/Documents/Intellij Projects/TomcatApp/server/apache-tomcat-9.0.0.M22/webapps/manager]
18-Jul-2017 18:42:14.033 INFO [main] org.apache.catalina.startup.HostConfig.deployDirectory Deployment of web application directory [/home/alex60070/Documents/Intellij Projects/TomcatApp/server/apache-tomcat-9.0.0.M22/webapps/manager] has finished in [37] ms
18-Jul-2017 18:42:14.033 INFO [main] org.apache.catalina.startup.HostConfig.deployDirectory Deploying web application directory [/home/alex60070/Documents/Intellij Projects/TomcatApp/server/apache-tomcat-9.0.0.M22/webapps/ROOT]
18-Jul-2017 18:42:14.051 INFO [main] org.apache.catalina.startup.HostConfig.deployDirectory Deployment of web application directory [/home/alex60070/Documents/Intellij Projects/TomcatApp/server/apache-tomcat-9.0.0.M22/webapps/ROOT] has finished in [17] ms
18-Jul-2017 18:42:14.051 INFO [main] org.apache.catalina.startup.HostConfig.deployDirectory Deploying web application directory [/home/alex60070/Documents/Intellij Projects/TomcatApp/server/apache-tomcat-9.0.0.M22/webapps/examples]
18-Jul-2017 18:42:14.286 INFO [main] org.apache.catalina.startup.HostConfig.deployDirectory Deployment of web application directory [/home/alex60070/Documents/Intellij Projects/TomcatApp/server/apache-tomcat-9.0.0.M22/webapps/examples] has finished in [235] ms
18-Jul-2017 18:42:14.286 INFO [main] org.apache.catalina.startup.HostConfig.deployDirectory Deploying web application directory [/home/alex60070/Documents/Intellij Projects/TomcatApp/server/apache-tomcat-9.0.0.M22/webapps/docs]
18-Jul-2017 18:42:14.303 INFO [main] org.apache.catalina.startup.HostConfig.deployDirectory Deployment of web application directory [/home/alex60070/Documents/Intellij Projects/TomcatApp/server/apache-tomcat-9.0.0.M22/webapps/docs] has finished in [17] ms
18-Jul-2017 18:42:14.303 INFO [main] org.apache.catalina.startup.HostConfig.deployDirectory Deploying web application directory [/home/alex60070/Documents/Intellij Projects/TomcatApp/server/apache-tomcat-9.0.0.M22/webapps/host-manager]
18-Jul-2017 18:42:14.324 INFO [main] org.apache.catalina.startup.HostConfig.deployDirectory Deployment of web application directory [/home/alex60070/Documents/Intellij Projects/TomcatApp/server/apache-tomcat-9.0.0.M22/webapps/host-manager] has finished in [21] ms
18-Jul-2017 18:42:14.329 INFO [main] org.apache.catalina.startup.Catalina.start Server startup in 725 ms
18-Jul-2017 18:42:14.331 SEVERE [main] org.apache.catalina.core.StandardServer.await StandardServer.await: create[localhost:8005]: 
 java.net.BindException: Address already in use (Bind failed)
	at java.net.PlainSocketImpl.socketBind(Native Method)
	at java.net.AbstractPlainSocketImpl.bind(AbstractPlainSocketImpl.java:387)
	at java.net.ServerSocket.bind(ServerSocket.java:375)
	at java.net.ServerSocket.<init>(ServerSocket.java:237)
	at org.apache.catalina.core.StandardServer.await(StandardServer.java:422)
	at org.apache.catalina.startup.Catalina.await(Catalina.java:745)
	at org.apache.catalina.startup.Catalina.start(Catalina.java:691)
	at sun.reflect.NativeMethodAccessorImpl.invoke0(Native Method)
	at sun.reflect.NativeMethodAccessorImpl.invoke(NativeMethodAccessorImpl.java:62)
	at sun.reflect.DelegatingMethodAccessorImpl.invoke(DelegatingMethodAccessorImpl.java:43)
	at java.lang.reflect.Method.invoke(Method.java:498)
	at org.apache.catalina.startup.Bootstrap.start(Bootstrap.java:355)
	at org.apache.catalina.startup.Bootstrap.main(Bootstrap.java:495)

18-Jul-2017 18:42:14.332 INFO [main] org.apache.coyote.AbstractProtocol.pause Pausing ProtocolHandler ["http-nio-8080"]
18-Jul-2017 18:42:14.332 INFO [main] org.apache.coyote.AbstractProtocol.pause Pausing ProtocolHandler ["ajp-nio-8009"]
18-Jul-2017 18:42:14.333 INFO [main] org.apache.catalina.core.StandardService.stopInternal Stopping service [Catalina]
18-Jul-2017 18:42:14.371 INFO [main] org.apache.coyote.AbstractProtocol.stop Stopping ProtocolHandler ["http-nio-8080"]
18-Jul-2017 18:42:14.372 INFO [main] org.apache.coyote.AbstractProtocol.destroy Destroying ProtocolHandler ["http-nio-8080"]
18-Jul-2017 18:42:14.372 INFO [main] org.apache.coyote.AbstractProtocol.stop Stopping ProtocolHandler ["ajp-nio-8009"]
18-Jul-2017 18:42:14.373 INFO [main] org.apache.coyote.AbstractProtocol.destroy Destroying ProtocolHandler ["ajp-nio-8009"]
18-Jul-2017 18:43:39.657 INFO [main] org.apache.catalina.startup.VersionLoggerListener.log Server version:        Apache Tomcat/9.0.0.M22
18-Jul-2017 18:43:39.661 INFO [main] org.apache.catalina.startup.VersionLoggerListener.log Server built:          Jun 21 2017 09:44:18 UTC
18-Jul-2017 18:43:39.661 INFO [main] org.apache.catalina.startup.VersionLoggerListener.log Server number:         9.0.0.0
18-Jul-2017 18:43:39.661 INFO [main] org.apache.catalina.startup.VersionLoggerListener.log OS Name:               Linux
18-Jul-2017 18:43:39.661 INFO [main] org.apache.catalina.startup.VersionLoggerListener.log OS Version:            4.8.0-58-generic
18-Jul-2017 18:43:39.661 INFO [main] org.apache.catalina.startup.VersionLoggerListener.log Architecture:          amd64
18-Jul-2017 18:43:39.661 INFO [main] org.apache.catalina.startup.VersionLoggerListener.log Java Home:             /usr/lib/jvm/java-8-oracle/jre
18-Jul-2017 18:43:39.662 INFO [main] org.apache.catalina.startup.VersionLoggerListener.log JVM Version:           1.8.0_131-b11
18-Jul-2017 18:43:39.662 INFO [main] org.apache.catalina.startup.VersionLoggerListener.log JVM Vendor:            Oracle Corporation
18-Jul-2017 18:43:39.663 INFO [main] org.apache.catalina.startup.VersionLoggerListener.log CATALINA_BASE:         /home/alex60070/Documents/Intellij Projects/TomcatApp/server/apache-tomcat-9.0.0.M22
18-Jul-2017 18:43:39.663 INFO [main] org.apache.catalina.startup.VersionLoggerListener.log CATALINA_HOME:         /home/alex60070/Documents/Intellij Projects/TomcatApp/server/apache-tomcat-9.0.0.M22
18-Jul-2017 18:43:39.664 INFO [main] org.apache.catalina.startup.VersionLoggerListener.log Command line argument: -Djava.util.logging.config.file=/home/alex60070/Documents/Intellij Projects/TomcatApp/server/apache-tomcat-9.0.0.M22/conf/logging.properties
18-Jul-2017 18:43:39.664 INFO [main] org.apache.catalina.startup.VersionLoggerListener.log Command line argument: -Djava.util.logging.manager=org.apache.juli.ClassLoaderLogManager
18-Jul-2017 18:43:39.664 INFO [main] org.apache.catalina.startup.VersionLoggerListener.log Command line argument: -Djdk.tls.ephemeralDHKeySize=2048
18-Jul-2017 18:43:39.664 INFO [main] org.apache.catalina.startup.VersionLoggerListener.log Command line argument: -Djava.protocol.handler.pkgs=org.apache.catalina.webresources
18-Jul-2017 18:43:39.664 INFO [main] org.apache.catalina.startup.VersionLoggerListener.log Command line argument: -Dcatalina.base=/home/alex60070/Documents/Intellij Projects/TomcatApp/server/apache-tomcat-9.0.0.M22
18-Jul-2017 18:43:39.664 INFO [main] org.apache.catalina.startup.VersionLoggerListener.log Command line argument: -Dcatalina.home=/home/alex60070/Documents/Intellij Projects/TomcatApp/server/apache-tomcat-9.0.0.M22
18-Jul-2017 18:43:39.665 INFO [main] org.apache.catalina.startup.VersionLoggerListener.log Command line argument: -Djava.io.tmpdir=/home/alex60070/Documents/Intellij Projects/TomcatApp/server/apache-tomcat-9.0.0.M22/temp
18-Jul-2017 18:43:39.665 INFO [main] org.apache.catalina.core.AprLifecycleListener.lifecycleEvent The APR based Apache Tomcat Native library which allows optimal performance in production environments was not found on the java.library.path: [/usr/java/packages/lib/amd64:/usr/lib64:/lib64:/lib:/usr/lib]
18-Jul-2017 18:43:39.852 INFO [main] org.apache.coyote.AbstractProtocol.init Initializing ProtocolHandler ["http-nio-8080"]
18-Jul-2017 18:43:39.872 INFO [main] org.apache.tomcat.util.net.NioSelectorPool.getSharedSelector Using a shared selector for servlet write/read
18-Jul-2017 18:43:39.875 INFO [main] org.apache.coyote.AbstractProtocol.init Initializing ProtocolHandler ["ajp-nio-8009"]
18-Jul-2017 18:43:39.877 INFO [main] org.apache.tomcat.util.net.NioSelectorPool.getSharedSelector Using a shared selector for servlet write/read
18-Jul-2017 18:43:39.877 INFO [main] org.apache.catalina.startup.Catalina.load Initialization processed in 760 ms
18-Jul-2017 18:43:39.918 INFO [main] org.apache.catalina.core.StandardService.startInternal Starting service [Catalina]
18-Jul-2017 18:43:39.920 INFO [main] org.apache.catalina.core.StandardEngine.startInternal Starting Servlet Engine: Apache Tomcat/9.0.0.M22
18-Jul-2017 18:43:39.944 INFO [main] org.apache.catalina.startup.HostConfig.deployWAR Deploying web application archive [/home/alex60070/Documents/Intellij Projects/TomcatApp/server/apache-tomcat-9.0.0.M22/webapps/tomcat-app.war]
18-Jul-2017 18:43:40.451 INFO [main] org.apache.catalina.startup.HostConfig.deployWAR Deployment of web application archive [/home/alex60070/Documents/Intellij Projects/TomcatApp/server/apache-tomcat-9.0.0.M22/webapps/tomcat-app.war] has finished in [506] ms
18-Jul-2017 18:43:40.452 INFO [main] org.apache.catalina.startup.HostConfig.deployDirectory Deploying web application directory [/home/alex60070/Documents/Intellij Projects/TomcatApp/server/apache-tomcat-9.0.0.M22/webapps/manager]
18-Jul-2017 18:43:40.492 INFO [main] org.apache.catalina.startup.HostConfig.deployDirectory Deployment of web application directory [/home/alex60070/Documents/Intellij Projects/TomcatApp/server/apache-tomcat-9.0.0.M22/webapps/manager] has finished in [40] ms
18-Jul-2017 18:43:40.493 INFO [main] org.apache.catalina.startup.HostConfig.deployDirectory Deploying web application directory [/home/alex60070/Documents/Intellij Projects/TomcatApp/server/apache-tomcat-9.0.0.M22/webapps/ROOT]
18-Jul-2017 18:43:40.517 INFO [main] org.apache.catalina.startup.HostConfig.deployDirectory Deployment of web application directory [/home/alex60070/Documents/Intellij Projects/TomcatApp/server/apache-tomcat-9.0.0.M22/webapps/ROOT] has finished in [24] ms
18-Jul-2017 18:43:40.518 INFO [main] org.apache.catalina.startup.HostConfig.deployDirectory Deploying web application directory [/home/alex60070/Documents/Intellij Projects/TomcatApp/server/apache-tomcat-9.0.0.M22/webapps/examples]
18-Jul-2017 18:43:40.959 INFO [main] org.apache.catalina.startup.HostConfig.deployDirectory Deployment of web application directory [/home/alex60070/Documents/Intellij Projects/TomcatApp/server/apache-tomcat-9.0.0.M22/webapps/examples] has finished in [440] ms
18-Jul-2017 18:43:40.959 INFO [main] org.apache.catalina.startup.HostConfig.deployDirectory Deploying web application directory [/home/alex60070/Documents/Intellij Projects/TomcatApp/server/apache-tomcat-9.0.0.M22/webapps/docs]
18-Jul-2017 18:43:40.985 INFO [main] org.apache.catalina.startup.HostConfig.deployDirectory Deployment of web application directory [/home/alex60070/Documents/Intellij Projects/TomcatApp/server/apache-tomcat-9.0.0.M22/webapps/docs] has finished in [26] ms
18-Jul-2017 18:43:40.986 INFO [main] org.apache.catalina.startup.HostConfig.deployDirectory Deploying web application directory [/home/alex60070/Documents/Intellij Projects/TomcatApp/server/apache-tomcat-9.0.0.M22/webapps/host-manager]
18-Jul-2017 18:43:41.010 INFO [main] org.apache.catalina.startup.HostConfig.deployDirectory Deployment of web application directory [/home/alex60070/Documents/Intellij Projects/TomcatApp/server/apache-tomcat-9.0.0.M22/webapps/host-manager] has finished in [25] ms
18-Jul-2017 18:43:41.018 INFO [main] org.apache.coyote.AbstractProtocol.start Starting ProtocolHandler ["http-nio-8080"]
18-Jul-2017 18:43:41.026 INFO [main] org.apache.coyote.AbstractProtocol.start Starting ProtocolHandler ["ajp-nio-8009"]
18-Jul-2017 18:43:41.033 INFO [main] org.apache.catalina.startup.Catalina.start Server startup in 1154 ms
18-Jul-2017 18:44:11.001 INFO [main] org.apache.catalina.core.StandardServer.await A valid shutdown command was received via the shutdown port. Stopping the Server instance.
18-Jul-2017 18:44:11.002 INFO [main] org.apache.coyote.AbstractProtocol.pause Pausing ProtocolHandler ["http-nio-8080"]
18-Jul-2017 18:44:11.005 INFO [main] org.apache.coyote.AbstractProtocol.pause Pausing ProtocolHandler ["ajp-nio-8009"]
18-Jul-2017 18:44:11.006 INFO [main] org.apache.catalina.core.StandardService.stopInternal Stopping service [Catalina]
18-Jul-2017 18:44:11.039 INFO [main] org.apache.coyote.AbstractProtocol.stop Stopping ProtocolHandler ["http-nio-8080"]
18-Jul-2017 18:44:11.041 INFO [main] org.apache.coyote.AbstractProtocol.stop Stopping ProtocolHandler ["ajp-nio-8009"]
18-Jul-2017 18:44:11.043 INFO [main] org.apache.coyote.AbstractProtocol.destroy Destroying ProtocolHandler ["http-nio-8080"]
18-Jul-2017 18:44:11.044 INFO [main] org.apache.coyote.AbstractProtocol.destroy Destroying ProtocolHandler ["ajp-nio-8009"]
18-Jul-2017 18:44:13.353 INFO [main] org.apache.catalina.startup.VersionLoggerListener.log Server version:        Apache Tomcat/9.0.0.M22
18-Jul-2017 18:44:13.356 INFO [main] org.apache.catalina.startup.VersionLoggerListener.log Server built:          Jun 21 2017 09:44:18 UTC
18-Jul-2017 18:44:13.356 INFO [main] org.apache.catalina.startup.VersionLoggerListener.log Server number:         9.0.0.0
18-Jul-2017 18:44:13.356 INFO [main] org.apache.catalina.startup.VersionLoggerListener.log OS Name:               Linux
18-Jul-2017 18:44:13.356 INFO [main] org.apache.catalina.startup.VersionLoggerListener.log OS Version:            4.8.0-58-generic
18-Jul-2017 18:44:13.356 INFO [main] org.apache.catalina.startup.VersionLoggerListener.log Architecture:          amd64
18-Jul-2017 18:44:13.356 INFO [main] org.apache.catalina.startup.VersionLoggerListener.log Java Home:             /usr/lib/jvm/java-8-oracle/jre
18-Jul-2017 18:44:13.357 INFO [main] org.apache.catalina.startup.VersionLoggerListener.log JVM Version:           1.8.0_131-b11
18-Jul-2017 18:44:13.357 INFO [main] org.apache.catalina.startup.VersionLoggerListener.log JVM Vendor:            Oracle Corporation
18-Jul-2017 18:44:13.357 INFO [main] org.apache.catalina.startup.VersionLoggerListener.log CATALINA_BASE:         /home/alex60070/Documents/Intellij Projects/TomcatApp/server/apache-tomcat-9.0.0.M22
18-Jul-2017 18:44:13.357 INFO [main] org.apache.catalina.startup.VersionLoggerListener.log CATALINA_HOME:         /home/alex60070/Documents/Intellij Projects/TomcatApp/server/apache-tomcat-9.0.0.M22
18-Jul-2017 18:44:13.357 INFO [main] org.apache.catalina.startup.VersionLoggerListener.log Command line argument: -Djava.util.logging.config.file=/home/alex60070/Documents/Intellij Projects/TomcatApp/server/apache-tomcat-9.0.0.M22/conf/logging.properties
18-Jul-2017 18:44:13.357 INFO [main] org.apache.catalina.startup.VersionLoggerListener.log Command line argument: -Djava.util.logging.manager=org.apache.juli.ClassLoaderLogManager
18-Jul-2017 18:44:13.358 INFO [main] org.apache.catalina.startup.VersionLoggerListener.log Command line argument: -Djdk.tls.ephemeralDHKeySize=2048
18-Jul-2017 18:44:13.358 INFO [main] org.apache.catalina.startup.VersionLoggerListener.log Command line argument: -Djava.protocol.handler.pkgs=org.apache.catalina.webresources
18-Jul-2017 18:44:13.358 INFO [main] org.apache.catalina.startup.VersionLoggerListener.log Command line argument: -Dcatalina.base=/home/alex60070/Documents/Intellij Projects/TomcatApp/server/apache-tomcat-9.0.0.M22
18-Jul-2017 18:44:13.358 INFO [main] org.apache.catalina.startup.VersionLoggerListener.log Command line argument: -Dcatalina.home=/home/alex60070/Documents/Intellij Projects/TomcatApp/server/apache-tomcat-9.0.0.M22
18-Jul-2017 18:44:13.358 INFO [main] org.apache.catalina.startup.VersionLoggerListener.log Command line argument: -Djava.io.tmpdir=/home/alex60070/Documents/Intellij Projects/TomcatApp/server/apache-tomcat-9.0.0.M22/temp
18-Jul-2017 18:44:13.358 INFO [main] org.apache.catalina.core.AprLifecycleListener.lifecycleEvent The APR based Apache Tomcat Native library which allows optimal performance in production environments was not found on the java.library.path: [/usr/java/packages/lib/amd64:/usr/lib64:/lib64:/lib:/usr/lib]
18-Jul-2017 18:44:13.505 INFO [main] org.apache.coyote.AbstractProtocol.init Initializing ProtocolHandler ["http-nio-8080"]
18-Jul-2017 18:44:13.527 INFO [main] org.apache.tomcat.util.net.NioSelectorPool.getSharedSelector Using a shared selector for servlet write/read
18-Jul-2017 18:44:13.532 INFO [main] org.apache.coyote.AbstractProtocol.init Initializing ProtocolHandler ["ajp-nio-8009"]
18-Jul-2017 18:44:13.533 INFO [main] org.apache.tomcat.util.net.NioSelectorPool.getSharedSelector Using a shared selector for servlet write/read
18-Jul-2017 18:44:13.534 INFO [main] org.apache.catalina.startup.Catalina.load Initialization processed in 597 ms
18-Jul-2017 18:44:13.569 INFO [main] org.apache.catalina.core.StandardService.startInternal Starting service [Catalina]
18-Jul-2017 18:44:13.569 INFO [main] org.apache.catalina.core.StandardEngine.startInternal Starting Servlet Engine: Apache Tomcat/9.0.0.M22
18-Jul-2017 18:44:13.590 INFO [main] org.apache.catalina.startup.HostConfig.deployWAR Deploying web application archive [/home/alex60070/Documents/Intellij Projects/TomcatApp/server/apache-tomcat-9.0.0.M22/webapps/tomcat-app.war]
18-Jul-2017 18:44:13.933 INFO [main] org.apache.catalina.startup.HostConfig.deployWAR Deployment of web application archive [/home/alex60070/Documents/Intellij Projects/TomcatApp/server/apache-tomcat-9.0.0.M22/webapps/tomcat-app.war] has finished in [343] ms
18-Jul-2017 18:44:13.934 INFO [main] org.apache.catalina.startup.HostConfig.deployDirectory Deploying web application directory [/home/alex60070/Documents/Intellij Projects/TomcatApp/server/apache-tomcat-9.0.0.M22/webapps/manager]
18-Jul-2017 18:44:13.969 INFO [main] org.apache.catalina.startup.HostConfig.deployDirectory Deployment of web application directory [/home/alex60070/Documents/Intellij Projects/TomcatApp/server/apache-tomcat-9.0.0.M22/webapps/manager] has finished in [35] ms
18-Jul-2017 18:44:13.970 INFO [main] org.apache.catalina.startup.HostConfig.deployDirectory Deploying web application directory [/home/alex60070/Documents/Intellij Projects/TomcatApp/server/apache-tomcat-9.0.0.M22/webapps/ROOT]
18-Jul-2017 18:44:13.990 INFO [main] org.apache.catalina.startup.HostConfig.deployDirectory Deployment of web application directory [/home/alex60070/Documents/Intellij Projects/TomcatApp/server/apache-tomcat-9.0.0.M22/webapps/ROOT] has finished in [20] ms
18-Jul-2017 18:44:13.990 INFO [main] org.apache.catalina.startup.HostConfig.deployDirectory Deploying web application directory [/home/alex60070/Documents/Intellij Projects/TomcatApp/server/apache-tomcat-9.0.0.M22/webapps/examples]
18-Jul-2017 18:44:14.363 INFO [main] org.apache.catalina.startup.HostConfig.deployDirectory Deployment of web application directory [/home/alex60070/Documents/Intellij Projects/TomcatApp/server/apache-tomcat-9.0.0.M22/webapps/examples] has finished in [373] ms
18-Jul-2017 18:44:14.364 INFO [main] org.apache.catalina.startup.HostConfig.deployDirectory Deploying web application directory [/home/alex60070/Documents/Intellij Projects/TomcatApp/server/apache-tomcat-9.0.0.M22/webapps/docs]
18-Jul-2017 18:44:14.380 INFO [main] org.apache.catalina.startup.HostConfig.deployDirectory Deployment of web application directory [/home/alex60070/Documents/Intellij Projects/TomcatApp/server/apache-tomcat-9.0.0.M22/webapps/docs] has finished in [16] ms
18-Jul-2017 18:44:14.380 INFO [main] org.apache.catalina.startup.HostConfig.deployDirectory Deploying web application directory [/home/alex60070/Documents/Intellij Projects/TomcatApp/server/apache-tomcat-9.0.0.M22/webapps/host-manager]
18-Jul-2017 18:44:14.399 INFO [main] org.apache.catalina.startup.HostConfig.deployDirectory Deployment of web application directory [/home/alex60070/Documents/Intellij Projects/TomcatApp/server/apache-tomcat-9.0.0.M22/webapps/host-manager] has finished in [19] ms
18-Jul-2017 18:44:14.403 INFO [main] org.apache.coyote.AbstractProtocol.start Starting ProtocolHandler ["http-nio-8080"]
18-Jul-2017 18:44:14.411 INFO [main] org.apache.coyote.AbstractProtocol.start Starting ProtocolHandler ["ajp-nio-8009"]
18-Jul-2017 18:44:14.412 INFO [main] org.apache.catalina.startup.Catalina.start Server startup in 878 ms
18-Jul-2017 18:49:28.955 INFO [main] org.apache.catalina.core.StandardServer.await A valid shutdown command was received via the shutdown port. Stopping the Server instance.
18-Jul-2017 18:49:28.956 INFO [main] org.apache.coyote.AbstractProtocol.pause Pausing ProtocolHandler ["http-nio-8080"]
18-Jul-2017 18:49:29.009 INFO [main] org.apache.coyote.AbstractProtocol.pause Pausing ProtocolHandler ["ajp-nio-8009"]
18-Jul-2017 18:49:29.060 INFO [main] org.apache.catalina.core.StandardService.stopInternal Stopping service [Catalina]
18-Jul-2017 18:49:29.132 INFO [main] org.apache.coyote.AbstractProtocol.stop Stopping ProtocolHandler ["http-nio-8080"]
18-Jul-2017 18:49:29.134 INFO [main] org.apache.coyote.AbstractProtocol.stop Stopping ProtocolHandler ["ajp-nio-8009"]
18-Jul-2017 18:49:29.135 INFO [main] org.apache.coyote.AbstractProtocol.destroy Destroying ProtocolHandler ["http-nio-8080"]
18-Jul-2017 18:49:29.136 INFO [main] org.apache.coyote.AbstractProtocol.destroy Destroying ProtocolHandler ["ajp-nio-8009"]
